{"level":"info","message":"Server is running on port 3000","timestamp":"2025-03-22T14:23:38.748Z"}
{"level":"info","message":"Server is running on port 3000","timestamp":"2025-03-22T14:27:00.777Z"}
{"level":"info","message":"Server is running on port 3000","timestamp":"2025-03-22T14:41:13.993Z"}
{"level":"error","message":"TypeError: ErrorHandler is not a constructor\n    at /Users/chinkhuslenerdenebileg/code/knife-page/server/middleware/auth.js:14:19\n    at /Users/chinkhuslenerdenebileg/code/knife-page/server/node_modules/jsonwebtoken/verify.js:190:16\n    at getSecret (/Users/chinkhuslenerdenebileg/code/knife-page/server/node_modules/jsonwebtoken/verify.js:97:14)\n    at module.exports [as verify] (/Users/chinkhuslenerdenebileg/code/knife-page/server/node_modules/jsonwebtoken/verify.js:101:10)\n    at authenticateToken (/Users/chinkhuslenerdenebileg/code/knife-page/server/middleware/auth.js:12:7)\n    at Layer.handle [as handle_request] (/Users/chinkhuslenerdenebileg/code/knife-page/server/node_modules/express/lib/router/layer.js:95:5)\n    at next (/Users/chinkhuslenerdenebileg/code/knife-page/server/node_modules/express/lib/router/route.js:149:13)\n    at Route.dispatch (/Users/chinkhuslenerdenebileg/code/knife-page/server/node_modules/express/lib/router/route.js:119:3)\n    at Layer.handle [as handle_request] (/Users/chinkhuslenerdenebileg/code/knife-page/server/node_modules/express/lib/router/layer.js:95:5)\n    at /Users/chinkhuslenerdenebileg/code/knife-page/server/node_modules/express/lib/router/index.js:284:15","timestamp":"2025-03-22T14:46:33.153Z"}
{"level":"error","message":"TypeError: ErrorHandler is not a constructor\n    at /Users/chinkhuslenerdenebileg/code/knife-page/server/middleware/auth.js:14:19\n    at /Users/chinkhuslenerdenebileg/code/knife-page/server/node_modules/jsonwebtoken/verify.js:190:16\n    at getSecret (/Users/chinkhuslenerdenebileg/code/knife-page/server/node_modules/jsonwebtoken/verify.js:97:14)\n    at module.exports [as verify] (/Users/chinkhuslenerdenebileg/code/knife-page/server/node_modules/jsonwebtoken/verify.js:101:10)\n    at authenticateToken (/Users/chinkhuslenerdenebileg/code/knife-page/server/middleware/auth.js:12:7)\n    at Layer.handle [as handle_request] (/Users/chinkhuslenerdenebileg/code/knife-page/server/node_modules/express/lib/router/layer.js:95:5)\n    at next (/Users/chinkhuslenerdenebileg/code/knife-page/server/node_modules/express/lib/router/route.js:149:13)\n    at Route.dispatch (/Users/chinkhuslenerdenebileg/code/knife-page/server/node_modules/express/lib/router/route.js:119:3)\n    at Layer.handle [as handle_request] (/Users/chinkhuslenerdenebileg/code/knife-page/server/node_modules/express/lib/router/layer.js:95:5)\n    at /Users/chinkhuslenerdenebileg/code/knife-page/server/node_modules/express/lib/router/index.js:284:15","timestamp":"2025-03-22T14:50:27.147Z"}
{"level":"error","message":"TypeError: ErrorHandler is not a constructor\n    at /Users/chinkhuslenerdenebileg/code/knife-page/server/middleware/auth.js:14:19\n    at /Users/chinkhuslenerdenebileg/code/knife-page/server/node_modules/jsonwebtoken/verify.js:190:16\n    at getSecret (/Users/chinkhuslenerdenebileg/code/knife-page/server/node_modules/jsonwebtoken/verify.js:97:14)\n    at module.exports [as verify] (/Users/chinkhuslenerdenebileg/code/knife-page/server/node_modules/jsonwebtoken/verify.js:101:10)\n    at authenticateToken (/Users/chinkhuslenerdenebileg/code/knife-page/server/middleware/auth.js:12:7)\n    at Layer.handle [as handle_request] (/Users/chinkhuslenerdenebileg/code/knife-page/server/node_modules/express/lib/router/layer.js:95:5)\n    at next (/Users/chinkhuslenerdenebileg/code/knife-page/server/node_modules/express/lib/router/route.js:149:13)\n    at Route.dispatch (/Users/chinkhuslenerdenebileg/code/knife-page/server/node_modules/express/lib/router/route.js:119:3)\n    at Layer.handle [as handle_request] (/Users/chinkhuslenerdenebileg/code/knife-page/server/node_modules/express/lib/router/layer.js:95:5)\n    at /Users/chinkhuslenerdenebileg/code/knife-page/server/node_modules/express/lib/router/index.js:284:15","timestamp":"2025-03-22T14:50:32.070Z"}
{"level":"error","message":"TypeError: ErrorHandler is not a constructor\n    at /Users/chinkhuslenerdenebileg/code/knife-page/server/middleware/auth.js:14:19\n    at /Users/chinkhuslenerdenebileg/code/knife-page/server/node_modules/jsonwebtoken/verify.js:190:16\n    at getSecret (/Users/chinkhuslenerdenebileg/code/knife-page/server/node_modules/jsonwebtoken/verify.js:97:14)\n    at module.exports [as verify] (/Users/chinkhuslenerdenebileg/code/knife-page/server/node_modules/jsonwebtoken/verify.js:101:10)\n    at authenticateToken (/Users/chinkhuslenerdenebileg/code/knife-page/server/middleware/auth.js:12:7)\n    at Layer.handle [as handle_request] (/Users/chinkhuslenerdenebileg/code/knife-page/server/node_modules/express/lib/router/layer.js:95:5)\n    at next (/Users/chinkhuslenerdenebileg/code/knife-page/server/node_modules/express/lib/router/route.js:149:13)\n    at Route.dispatch (/Users/chinkhuslenerdenebileg/code/knife-page/server/node_modules/express/lib/router/route.js:119:3)\n    at Layer.handle [as handle_request] (/Users/chinkhuslenerdenebileg/code/knife-page/server/node_modules/express/lib/router/layer.js:95:5)\n    at /Users/chinkhuslenerdenebileg/code/knife-page/server/node_modules/express/lib/router/index.js:284:15","timestamp":"2025-03-22T14:50:32.325Z"}
{"level":"error","message":"TypeError: ErrorHandler is not a constructor\n    at /Users/chinkhuslenerdenebileg/code/knife-page/server/middleware/auth.js:14:19\n    at /Users/chinkhuslenerdenebileg/code/knife-page/server/node_modules/jsonwebtoken/verify.js:190:16\n    at getSecret (/Users/chinkhuslenerdenebileg/code/knife-page/server/node_modules/jsonwebtoken/verify.js:97:14)\n    at module.exports [as verify] (/Users/chinkhuslenerdenebileg/code/knife-page/server/node_modules/jsonwebtoken/verify.js:101:10)\n    at authenticateToken (/Users/chinkhuslenerdenebileg/code/knife-page/server/middleware/auth.js:12:7)\n    at Layer.handle [as handle_request] (/Users/chinkhuslenerdenebileg/code/knife-page/server/node_modules/express/lib/router/layer.js:95:5)\n    at next (/Users/chinkhuslenerdenebileg/code/knife-page/server/node_modules/express/lib/router/route.js:149:13)\n    at Route.dispatch (/Users/chinkhuslenerdenebileg/code/knife-page/server/node_modules/express/lib/router/route.js:119:3)\n    at Layer.handle [as handle_request] (/Users/chinkhuslenerdenebileg/code/knife-page/server/node_modules/express/lib/router/layer.js:95:5)\n    at /Users/chinkhuslenerdenebileg/code/knife-page/server/node_modules/express/lib/router/index.js:284:15","timestamp":"2025-03-22T14:50:44.924Z"}
{"level":"info","message":"Server is running on port 3000","timestamp":"2025-03-22T14:51:24.383Z"}
{"level":"error","message":"Error: Forbidden: Invalid token\n    at /Users/chinkhuslenerdenebileg/code/knife-page/server/middleware/auth.js:14:19\n    at /Users/chinkhuslenerdenebileg/code/knife-page/server/node_modules/jsonwebtoken/verify.js:190:16\n    at getSecret (/Users/chinkhuslenerdenebileg/code/knife-page/server/node_modules/jsonwebtoken/verify.js:97:14)\n    at module.exports [as verify] (/Users/chinkhuslenerdenebileg/code/knife-page/server/node_modules/jsonwebtoken/verify.js:101:10)\n    at authenticateToken (/Users/chinkhuslenerdenebileg/code/knife-page/server/middleware/auth.js:12:7)\n    at Layer.handle [as handle_request] (/Users/chinkhuslenerdenebileg/code/knife-page/server/node_modules/express/lib/router/layer.js:95:5)\n    at next (/Users/chinkhuslenerdenebileg/code/knife-page/server/node_modules/express/lib/router/route.js:149:13)\n    at Route.dispatch (/Users/chinkhuslenerdenebileg/code/knife-page/server/node_modules/express/lib/router/route.js:119:3)\n    at Layer.handle [as handle_request] (/Users/chinkhuslenerdenebileg/code/knife-page/server/node_modules/express/lib/router/layer.js:95:5)\n    at /Users/chinkhuslenerdenebileg/code/knife-page/server/node_modules/express/lib/router/index.js:284:15","timestamp":"2025-03-22T14:51:45.738Z"}
{"level":"error","message":"Error: Invalid credentials\n    at /Users/chinkhuslenerdenebileg/code/knife-page/server/routes/admin.js:38:21","timestamp":"2025-03-22T14:52:25.902Z"}
{"level":"error","message":"Error: Invalid credentials\n    at /Users/chinkhuslenerdenebileg/code/knife-page/server/routes/admin.js:38:21","timestamp":"2025-03-22T14:52:27.236Z"}
{"level":"error","message":"Error: Invalid credentials\n    at /Users/chinkhuslenerdenebileg/code/knife-page/server/routes/admin.js:38:21","timestamp":"2025-03-22T14:52:32.889Z"}
{"level":"error","message":"Error: Invalid credentials\n    at /Users/chinkhuslenerdenebileg/code/knife-page/server/routes/admin.js:44:21","timestamp":"2025-03-22T14:54:25.591Z"}
{"level":"error","message":"Error: Invalid credentials\n    at /Users/chinkhuslenerdenebileg/code/knife-page/server/routes/admin.js:44:21","timestamp":"2025-03-22T14:54:26.901Z"}
{"level":"error","message":"Error: Invalid credentials\n    at /Users/chinkhuslenerdenebileg/code/knife-page/server/routes/admin.js:44:21","timestamp":"2025-03-22T14:54:27.552Z"}
{"level":"info","message":"Server is running on port 3000","timestamp":"2025-03-22T14:57:15.037Z"}
{"level":"error","message":"Error: Invalid credentials\n    at /Users/chinkhuslenerdenebileg/code/knife-page/server/routes/admin.js:44:21","timestamp":"2025-03-22T14:57:41.453Z"}
{"level":"info","message":"Server is running on port 3000","timestamp":"2025-03-22T14:59:02.360Z"}
{"level":"error","message":"Error: Invalid credentials\n    at /Users/chinkhuslenerdenebileg/code/knife-page/server/routes/admin.js:44:21","timestamp":"2025-03-22T15:01:44.945Z"}
{"level":"error","message":"Error: Invalid credentials\n    at /Users/chinkhuslenerdenebileg/code/knife-page/server/routes/admin.js:44:21","timestamp":"2025-03-22T15:01:55.011Z"}
{"level":"info","message":"Server is running on port 3000","timestamp":"2025-03-22T15:31:53.151Z"}
{"level":"error","message":"Error: Invalid credentials\n    at /Users/chinkhuslenerdenebileg/code/knife-page/server/routes/admin.js:38:21","timestamp":"2025-03-22T15:32:33.253Z"}
{"level":"error","message":"Error: Invalid credentials\n    at /Users/chinkhuslenerdenebileg/code/knife-page/server/routes/admin.js:38:21","timestamp":"2025-03-22T15:33:25.687Z"}
{"level":"error","message":"Error: Invalid credentials\n    at /Users/chinkhuslenerdenebileg/code/knife-page/server/routes/admin.js:38:21","timestamp":"2025-03-22T15:33:26.584Z"}
{"level":"error","message":"Error: Invalid credentials\n    at /Users/chinkhuslenerdenebileg/code/knife-page/server/routes/admin.js:38:21","timestamp":"2025-03-22T15:33:26.940Z"}
{"level":"error","message":"Error: Invalid credentials\n    at /Users/chinkhuslenerdenebileg/code/knife-page/server/routes/admin.js:38:21","timestamp":"2025-03-22T15:33:50.253Z"}
{"level":"error","message":"Error: Invalid credentials\n    at /Users/chinkhuslenerdenebileg/code/knife-page/server/routes/admin.js:38:21","timestamp":"2025-03-22T15:33:55.080Z"}
{"level":"error","message":"Error: Invalid credentials\n    at /Users/chinkhuslenerdenebileg/code/knife-page/server/routes/admin.js:38:21","timestamp":"2025-03-22T15:33:55.539Z"}
{"level":"error","message":"Error: Invalid credentials\n    at /Users/chinkhuslenerdenebileg/code/knife-page/server/routes/admin.js:38:21","timestamp":"2025-03-22T15:33:55.729Z"}
{"level":"error","message":"Error: Invalid credentials\n    at /Users/chinkhuslenerdenebileg/code/knife-page/server/routes/admin.js:38:21","timestamp":"2025-03-22T15:34:31.217Z"}
{"level":"error","message":"Error: Invalid credentials\n    at /Users/chinkhuslenerdenebileg/code/knife-page/server/routes/admin.js:38:21","timestamp":"2025-03-22T15:34:31.631Z"}
{"level":"error","message":"Error: Invalid credentials\n    at /Users/chinkhuslenerdenebileg/code/knife-page/server/routes/admin.js:38:21","timestamp":"2025-03-22T15:34:31.898Z"}
{"level":"error","message":"Error: Invalid credentials\n    at /Users/chinkhuslenerdenebileg/code/knife-page/server/routes/admin.js:38:21","timestamp":"2025-03-22T15:35:21.920Z"}
{"level":"info","message":"Server is running on port 3000","timestamp":"2025-03-22T15:42:45.841Z"}
{"level":"error","message":"Error: Invalid credentials\n    at /Users/chinkhuslenerdenebileg/code/knife-page/server/routes/admin.js:44:21","timestamp":"2025-03-22T15:43:04.791Z"}
{"level":"info","message":"Server is running on port 3000","timestamp":"2025-03-22T15:45:09.391Z"}
{"level":"error","message":"Error: Invalid credentials\n    at /Users/chinkhuslenerdenebileg/code/knife-page/server/routes/admin.js:44:21","timestamp":"2025-03-22T15:45:37.102Z"}
{"level":"error","message":"Error: Invalid credentials\n    at /Users/chinkhuslenerdenebileg/code/knife-page/server/routes/admin.js:44:21","timestamp":"2025-03-22T15:46:07.033Z"}
{"level":"error","message":"Error: Invalid credentials\n    at /Users/chinkhuslenerdenebileg/code/knife-page/server/routes/admin.js:44:21","timestamp":"2025-03-22T15:46:41.695Z"}
{"level":"error","message":"Error: Invalid credentials\n    at /Users/chinkhuslenerdenebileg/code/knife-page/server/routes/admin.js:44:21","timestamp":"2025-03-22T15:49:49.548Z"}
{"level":"error","message":"Error: Invalid credentials\n    at /Users/chinkhuslenerdenebileg/code/knife-page/server/routes/admin.js:44:21","timestamp":"2025-03-22T15:52:04.160Z"}
{"level":"info","message":"Server is running on port 3000","timestamp":"2025-03-22T15:56:06.848Z"}
{"level":"error","message":"Error: Invalid credentials\n    at /Users/chinkhuslenerdenebileg/code/knife-page/server/routes/admin.js:44:21","timestamp":"2025-03-22T15:56:23.732Z"}
{"level":"error","message":"Error: Invalid credentials\n    at /Users/chinkhuslenerdenebileg/code/knife-page/server/routes/admin.js:44:21","timestamp":"2025-03-22T15:56:42.267Z"}
{"level":"error","message":"Error: Invalid credentials\n    at /Users/chinkhuslenerdenebileg/code/knife-page/server/routes/admin.js:44:21","timestamp":"2025-03-22T16:05:08.999Z"}
{"level":"info","message":"Server is running on port 3000","timestamp":"2025-03-22T16:09:41.523Z"}
{"level":"error","message":"Error: Invalid credentials\n    at /Users/chinkhuslenerdenebileg/code/knife-page/server/routes/admin.js:44:21","timestamp":"2025-03-22T16:09:50.601Z"}
{"level":"error","message":"Error: Invalid credentials\n    at /Users/chinkhuslenerdenebileg/code/knife-page/server/routes/admin.js:44:21","timestamp":"2025-03-22T16:09:51.869Z"}
{"level":"info","message":"Server is running on port 3000","timestamp":"2025-03-22T16:13:41.780Z"}
{"level":"error","message":"Error: Invalid credentials\n    at /Users/chinkhuslenerdenebileg/code/knife-page/server/routes/admin.js:44:21","timestamp":"2025-03-22T16:14:51.188Z"}
{"level":"error","message":"Error: Invalid credentials\n    at /Users/chinkhuslenerdenebileg/code/knife-page/server/routes/admin.js:44:21","timestamp":"2025-03-22T16:15:02.330Z"}
{"level":"error","message":"Error: Invalid credentials\n    at /Users/chinkhuslenerdenebileg/code/knife-page/server/routes/admin.js:44:21","timestamp":"2025-03-22T16:22:05.198Z"}
{"level":"error","message":"Error: Invalid credentials\n    at /Users/chinkhuslenerdenebileg/code/knife-page/server/routes/admin.js:44:21","timestamp":"2025-03-22T16:27:39.232Z"}
{"level":"error","message":"Error: Invalid credentials\n    at /Users/chinkhuslenerdenebileg/code/knife-page/server/routes/admin.js:44:21","timestamp":"2025-03-22T16:27:40.066Z"}
{"level":"error","message":"Error: Invalid credentials\n    at /Users/chinkhuslenerdenebileg/code/knife-page/server/routes/admin.js:44:21","timestamp":"2025-03-22T16:27:40.678Z"}
{"level":"info","message":"Server is running on port 3000","timestamp":"2025-03-22T16:33:56.560Z"}
{"level":"error","message":"TypeError [ERR_INVALID_ARG_TYPE]: The first argument must be of type string or an instance of Buffer, ArrayBuffer, or Array or an Array-like Object. Received undefined\n    at Function.from (node:buffer:322:9)\n    at /Users/chinkhuslenerdenebileg/code/knife-page/server/routes/admin.js:42:32","timestamp":"2025-03-22T16:34:11.701Z"}
{"level":"info","message":"Server is running on port 3000","timestamp":"2025-03-22T16:36:26.918Z"}
{"level":"error","message":"TypeError [ERR_INVALID_ARG_TYPE]: The first argument must be of type string or an instance of Buffer, ArrayBuffer, or Array or an Array-like Object. Received undefined\n    at Function.from (node:buffer:322:9)\n    at /Users/chinkhuslenerdenebileg/code/knife-page/server/routes/admin.js:48:32","timestamp":"2025-03-22T16:36:41.437Z"}
{"level":"info","message":"Server is running on port 3000","timestamp":"2025-03-22T16:40:38.105Z"}
{"level":"error","message":"TypeError [ERR_INVALID_ARG_TYPE]: The first argument must be of type string or an instance of Buffer, ArrayBuffer, or Array or an Array-like Object. Received undefined\n    at Function.from (node:buffer:322:9)\n    at /Users/chinkhuslenerdenebileg/code/knife-page/server/routes/admin.js:57:32","timestamp":"2025-03-22T16:40:59.534Z"}
{"level":"info","message":"Server is running on port 3000","timestamp":"2025-03-22T16:43:29.545Z"}
{"level":"error","message":"TypeError [ERR_INVALID_ARG_TYPE]: The first argument must be of type string or an instance of Buffer, ArrayBuffer, or Array or an Array-like Object. Received undefined\n    at Function.from (node:buffer:322:9)\n    at /Users/chinkhuslenerdenebileg/code/knife-page/server/routes/admin.js:57:32","timestamp":"2025-03-22T16:43:49.411Z"}
{"level":"error","message":"TypeError [ERR_INVALID_ARG_TYPE]: The first argument must be of type string or an instance of Buffer, ArrayBuffer, or Array or an Array-like Object. Received undefined\n    at Function.from (node:buffer:322:9)\n    at /Users/chinkhuslenerdenebileg/code/knife-page/server/routes/admin.js:57:32","timestamp":"2025-03-22T16:43:50.713Z"}
{"level":"info","message":"Server is running on port 3000","timestamp":"2025-03-22T16:49:31.548Z"}
{"level":"error","message":"TypeError [ERR_INVALID_ARG_TYPE]: The first argument must be of type string or an instance of Buffer, ArrayBuffer, or Array or an Array-like Object. Received undefined\n    at Function.from (node:buffer:322:9)\n    at /Users/chinkhuslenerdenebileg/code/knife-page/server/routes/admin.js:57:32","timestamp":"2025-03-22T16:49:55.355Z"}
{"level":"info","message":"Server is running on port 3000","timestamp":"2025-03-22T16:51:30.735Z"}
{"level":"error","message":"TypeError: ErrorHandler is not a constructor\n    at /Users/chinkhuslenerdenebileg/code/knife-page/server/routes/admin.js:64:21","timestamp":"2025-03-22T16:51:42.906Z"}
{"level":"info","message":"Server is running on port 3000","timestamp":"2025-03-22T16:54:57.210Z"}
{"level":"error","message":"Error: Invalid credentials\n    at /Users/chinkhuslenerdenebileg/code/knife-page/server/routes/admin.js:64:21","timestamp":"2025-03-22T16:55:02.634Z"}
{"level":"error","message":"Error: Invalid credentials\n    at /Users/chinkhuslenerdenebileg/code/knife-page/server/routes/admin.js:64:21","timestamp":"2025-03-22T16:55:03.557Z"}
{"level":"error","message":"Error: Invalid credentials\n    at /Users/chinkhuslenerdenebileg/code/knife-page/server/routes/admin.js:64:21","timestamp":"2025-03-22T16:55:10.233Z"}
{"level":"error","message":"Error: Invalid credentials\n    at /Users/chinkhuslenerdenebileg/code/knife-page/server/routes/admin.js:64:21","timestamp":"2025-03-22T16:55:30.635Z"}
{"level":"info","message":"Server is running on port 3000","timestamp":"2025-03-22T16:57:16.403Z"}
{"level":"error","message":"TypeError: ErrorHandler is not a constructor\n    at /Users/chinkhuslenerdenebileg/code/knife-page/server/routes/admin.js:67:21","timestamp":"2025-03-22T16:57:23.856Z"}
{"level":"error","message":"TypeError: ErrorHandler is not a constructor\n    at /Users/chinkhuslenerdenebileg/code/knife-page/server/routes/admin.js:67:21","timestamp":"2025-03-22T16:57:35.359Z"}
{"level":"info","message":"Server is running on port 3000","timestamp":"2025-03-22T16:58:58.189Z"}
{"level":"error","message":"Error: Invalid credentials\n    at /Users/chinkhuslenerdenebileg/code/knife-page/server/routes/admin.js:67:21","timestamp":"2025-03-22T16:59:05.854Z"}
{"level":"info","message":"Server is running on port 3000","timestamp":"2025-03-22T17:01:42.018Z"}
{"level":"error","message":"Error: Invalid credentials\n    at /Users/chinkhuslenerdenebileg/code/knife-page/server/routes/admin.js:67:21","timestamp":"2025-03-22T17:02:02.071Z"}
{"level":"info","message":"Server is running on port 3000","timestamp":"2025-03-22T17:05:03.020Z"}
{"level":"error","message":"Error: Invalid credentials\n    at /Users/chinkhuslenerdenebileg/code/knife-page/server/routes/admin.js:67:21","timestamp":"2025-03-22T17:05:20.857Z"}
{"level":"info","message":"Server is running on port 3000","timestamp":"2025-03-22T17:07:54.763Z"}
{"level":"error","message":"Error: Invalid credentials\n    at /Users/chinkhuslenerdenebileg/code/knife-page/server/routes/admin.js:67:21","timestamp":"2025-03-22T17:08:13.866Z"}
{"level":"info","message":"Server is running on port 3000","timestamp":"2025-03-22T17:09:46.083Z"}
{"level":"error","message":"Error: Invalid credentials\n    at /Users/chinkhuslenerdenebileg/code/knife-page/server/routes/admin.js:67:21","timestamp":"2025-03-22T17:11:24.697Z"}
{"level":"info","message":"Server is running on port 3000","timestamp":"2025-03-22T17:20:21.809Z"}
{"level":"error","message":"Error: Invalid credentials\n    at /Users/chinkhuslenerdenebileg/code/knife-page/server/routes/admin.js:67:21","timestamp":"2025-03-22T17:20:40.169Z"}
