{"level":"error","message":"TypeError: ErrorHandler is not a constructor\n    at /Users/chinkhuslenerdenebileg/code/knife-page/server/middleware/auth.js:14:19\n    at /Users/chinkhuslenerdenebileg/code/knife-page/server/node_modules/jsonwebtoken/verify.js:190:16\n    at getSecret (/Users/chinkhuslenerdenebileg/code/knife-page/server/node_modules/jsonwebtoken/verify.js:97:14)\n    at module.exports [as verify] (/Users/chinkhuslenerdenebileg/code/knife-page/server/node_modules/jsonwebtoken/verify.js:101:10)\n    at authenticateToken (/Users/chinkhuslenerdenebileg/code/knife-page/server/middleware/auth.js:12:7)\n    at Layer.handle [as handle_request] (/Users/chinkhuslenerdenebileg/code/knife-page/server/node_modules/express/lib/router/layer.js:95:5)\n    at next (/Users/chinkhuslenerdenebileg/code/knife-page/server/node_modules/express/lib/router/route.js:149:13)\n    at Route.dispatch (/Users/chinkhuslenerdenebileg/code/knife-page/server/node_modules/express/lib/router/route.js:119:3)\n    at Layer.handle [as handle_request] (/Users/chinkhuslenerdenebileg/code/knife-page/server/node_modules/express/lib/router/layer.js:95:5)\n    at /Users/chinkhuslenerdenebileg/code/knife-page/server/node_modules/express/lib/router/index.js:284:15","timestamp":"2025-03-22T14:46:33.153Z"}
{"level":"error","message":"TypeError: ErrorHandler is not a constructor\n    at /Users/chinkhuslenerdenebileg/code/knife-page/server/middleware/auth.js:14:19\n    at /Users/chinkhuslenerdenebileg/code/knife-page/server/node_modules/jsonwebtoken/verify.js:190:16\n    at getSecret (/Users/chinkhuslenerdenebileg/code/knife-page/server/node_modules/jsonwebtoken/verify.js:97:14)\n    at module.exports [as verify] (/Users/chinkhuslenerdenebileg/code/knife-page/server/node_modules/jsonwebtoken/verify.js:101:10)\n    at authenticateToken (/Users/chinkhuslenerdenebileg/code/knife-page/server/middleware/auth.js:12:7)\n    at Layer.handle [as handle_request] (/Users/chinkhuslenerdenebileg/code/knife-page/server/node_modules/express/lib/router/layer.js:95:5)\n    at next (/Users/chinkhuslenerdenebileg/code/knife-page/server/node_modules/express/lib/router/route.js:149:13)\n    at Route.dispatch (/Users/chinkhuslenerdenebileg/code/knife-page/server/node_modules/express/lib/router/route.js:119:3)\n    at Layer.handle [as handle_request] (/Users/chinkhuslenerdenebileg/code/knife-page/server/node_modules/express/lib/router/layer.js:95:5)\n    at /Users/chinkhuslenerdenebileg/code/knife-page/server/node_modules/express/lib/router/index.js:284:15","timestamp":"2025-03-22T14:50:27.147Z"}
{"level":"error","message":"TypeError: ErrorHandler is not a constructor\n    at /Users/chinkhuslenerdenebileg/code/knife-page/server/middleware/auth.js:14:19\n    at /Users/chinkhuslenerdenebileg/code/knife-page/server/node_modules/jsonwebtoken/verify.js:190:16\n    at getSecret (/Users/chinkhuslenerdenebileg/code/knife-page/server/node_modules/jsonwebtoken/verify.js:97:14)\n    at module.exports [as verify] (/Users/chinkhuslenerdenebileg/code/knife-page/server/node_modules/jsonwebtoken/verify.js:101:10)\n    at authenticateToken (/Users/chinkhuslenerdenebileg/code/knife-page/server/middleware/auth.js:12:7)\n    at Layer.handle [as handle_request] (/Users/chinkhuslenerdenebileg/code/knife-page/server/node_modules/express/lib/router/layer.js:95:5)\n    at next (/Users/chinkhuslenerdenebileg/code/knife-page/server/node_modules/express/lib/router/route.js:149:13)\n    at Route.dispatch (/Users/chinkhuslenerdenebileg/code/knife-page/server/node_modules/express/lib/router/route.js:119:3)\n    at Layer.handle [as handle_request] (/Users/chinkhuslenerdenebileg/code/knife-page/server/node_modules/express/lib/router/layer.js:95:5)\n    at /Users/chinkhuslenerdenebileg/code/knife-page/server/node_modules/express/lib/router/index.js:284:15","timestamp":"2025-03-22T14:50:32.070Z"}
{"level":"error","message":"TypeError: ErrorHandler is not a constructor\n    at /Users/chinkhuslenerdenebileg/code/knife-page/server/middleware/auth.js:14:19\n    at /Users/chinkhuslenerdenebileg/code/knife-page/server/node_modules/jsonwebtoken/verify.js:190:16\n    at getSecret (/Users/chinkhuslenerdenebileg/code/knife-page/server/node_modules/jsonwebtoken/verify.js:97:14)\n    at module.exports [as verify] (/Users/chinkhuslenerdenebileg/code/knife-page/server/node_modules/jsonwebtoken/verify.js:101:10)\n    at authenticateToken (/Users/chinkhuslenerdenebileg/code/knife-page/server/middleware/auth.js:12:7)\n    at Layer.handle [as handle_request] (/Users/chinkhuslenerdenebileg/code/knife-page/server/node_modules/express/lib/router/layer.js:95:5)\n    at next (/Users/chinkhuslenerdenebileg/code/knife-page/server/node_modules/express/lib/router/route.js:149:13)\n    at Route.dispatch (/Users/chinkhuslenerdenebileg/code/knife-page/server/node_modules/express/lib/router/route.js:119:3)\n    at Layer.handle [as handle_request] (/Users/chinkhuslenerdenebileg/code/knife-page/server/node_modules/express/lib/router/layer.js:95:5)\n    at /Users/chinkhuslenerdenebileg/code/knife-page/server/node_modules/express/lib/router/index.js:284:15","timestamp":"2025-03-22T14:50:32.325Z"}
{"level":"error","message":"TypeError: ErrorHandler is not a constructor\n    at /Users/chinkhuslenerdenebileg/code/knife-page/server/middleware/auth.js:14:19\n    at /Users/chinkhuslenerdenebileg/code/knife-page/server/node_modules/jsonwebtoken/verify.js:190:16\n    at getSecret (/Users/chinkhuslenerdenebileg/code/knife-page/server/node_modules/jsonwebtoken/verify.js:97:14)\n    at module.exports [as verify] (/Users/chinkhuslenerdenebileg/code/knife-page/server/node_modules/jsonwebtoken/verify.js:101:10)\n    at authenticateToken (/Users/chinkhuslenerdenebileg/code/knife-page/server/middleware/auth.js:12:7)\n    at Layer.handle [as handle_request] (/Users/chinkhuslenerdenebileg/code/knife-page/server/node_modules/express/lib/router/layer.js:95:5)\n    at next (/Users/chinkhuslenerdenebileg/code/knife-page/server/node_modules/express/lib/router/route.js:149:13)\n    at Route.dispatch (/Users/chinkhuslenerdenebileg/code/knife-page/server/node_modules/express/lib/router/route.js:119:3)\n    at Layer.handle [as handle_request] (/Users/chinkhuslenerdenebileg/code/knife-page/server/node_modules/express/lib/router/layer.js:95:5)\n    at /Users/chinkhuslenerdenebileg/code/knife-page/server/node_modules/express/lib/router/index.js:284:15","timestamp":"2025-03-22T14:50:44.924Z"}
{"level":"error","message":"Error: Forbidden: Invalid token\n    at /Users/chinkhuslenerdenebileg/code/knife-page/server/middleware/auth.js:14:19\n    at /Users/chinkhuslenerdenebileg/code/knife-page/server/node_modules/jsonwebtoken/verify.js:190:16\n    at getSecret (/Users/chinkhuslenerdenebileg/code/knife-page/server/node_modules/jsonwebtoken/verify.js:97:14)\n    at module.exports [as verify] (/Users/chinkhuslenerdenebileg/code/knife-page/server/node_modules/jsonwebtoken/verify.js:101:10)\n    at authenticateToken (/Users/chinkhuslenerdenebileg/code/knife-page/server/middleware/auth.js:12:7)\n    at Layer.handle [as handle_request] (/Users/chinkhuslenerdenebileg/code/knife-page/server/node_modules/express/lib/router/layer.js:95:5)\n    at next (/Users/chinkhuslenerdenebileg/code/knife-page/server/node_modules/express/lib/router/route.js:149:13)\n    at Route.dispatch (/Users/chinkhuslenerdenebileg/code/knife-page/server/node_modules/express/lib/router/route.js:119:3)\n    at Layer.handle [as handle_request] (/Users/chinkhuslenerdenebileg/code/knife-page/server/node_modules/express/lib/router/layer.js:95:5)\n    at /Users/chinkhuslenerdenebileg/code/knife-page/server/node_modules/express/lib/router/index.js:284:15","timestamp":"2025-03-22T14:51:45.738Z"}
{"level":"error","message":"Error: Invalid credentials\n    at /Users/chinkhuslenerdenebileg/code/knife-page/server/routes/admin.js:38:21","timestamp":"2025-03-22T14:52:25.902Z"}
{"level":"error","message":"Error: Invalid credentials\n    at /Users/chinkhuslenerdenebileg/code/knife-page/server/routes/admin.js:38:21","timestamp":"2025-03-22T14:52:27.236Z"}
{"level":"error","message":"Error: Invalid credentials\n    at /Users/chinkhuslenerdenebileg/code/knife-page/server/routes/admin.js:38:21","timestamp":"2025-03-22T14:52:32.889Z"}
{"level":"error","message":"Error: Invalid credentials\n    at /Users/chinkhuslenerdenebileg/code/knife-page/server/routes/admin.js:44:21","timestamp":"2025-03-22T14:54:25.591Z"}
{"level":"error","message":"Error: Invalid credentials\n    at /Users/chinkhuslenerdenebileg/code/knife-page/server/routes/admin.js:44:21","timestamp":"2025-03-22T14:54:26.901Z"}
{"level":"error","message":"Error: Invalid credentials\n    at /Users/chinkhuslenerdenebileg/code/knife-page/server/routes/admin.js:44:21","timestamp":"2025-03-22T14:54:27.552Z"}
{"level":"error","message":"Error: Invalid credentials\n    at /Users/chinkhuslenerdenebileg/code/knife-page/server/routes/admin.js:44:21","timestamp":"2025-03-22T14:57:41.453Z"}
{"level":"error","message":"Error: Invalid credentials\n    at /Users/chinkhuslenerdenebileg/code/knife-page/server/routes/admin.js:44:21","timestamp":"2025-03-22T15:01:44.945Z"}
{"level":"error","message":"Error: Invalid credentials\n    at /Users/chinkhuslenerdenebileg/code/knife-page/server/routes/admin.js:44:21","timestamp":"2025-03-22T15:01:55.011Z"}
{"level":"error","message":"Error: Invalid credentials\n    at /Users/chinkhuslenerdenebileg/code/knife-page/server/routes/admin.js:38:21","timestamp":"2025-03-22T15:32:33.253Z"}
{"level":"error","message":"Error: Invalid credentials\n    at /Users/chinkhuslenerdenebileg/code/knife-page/server/routes/admin.js:38:21","timestamp":"2025-03-22T15:33:25.687Z"}
{"level":"error","message":"Error: Invalid credentials\n    at /Users/chinkhuslenerdenebileg/code/knife-page/server/routes/admin.js:38:21","timestamp":"2025-03-22T15:33:26.584Z"}
{"level":"error","message":"Error: Invalid credentials\n    at /Users/chinkhuslenerdenebileg/code/knife-page/server/routes/admin.js:38:21","timestamp":"2025-03-22T15:33:26.940Z"}
{"level":"error","message":"Error: Invalid credentials\n    at /Users/chinkhuslenerdenebileg/code/knife-page/server/routes/admin.js:38:21","timestamp":"2025-03-22T15:33:50.253Z"}
{"level":"error","message":"Error: Invalid credentials\n    at /Users/chinkhuslenerdenebileg/code/knife-page/server/routes/admin.js:38:21","timestamp":"2025-03-22T15:33:55.080Z"}
{"level":"error","message":"Error: Invalid credentials\n    at /Users/chinkhuslenerdenebileg/code/knife-page/server/routes/admin.js:38:21","timestamp":"2025-03-22T15:33:55.539Z"}
{"level":"error","message":"Error: Invalid credentials\n    at /Users/chinkhuslenerdenebileg/code/knife-page/server/routes/admin.js:38:21","timestamp":"2025-03-22T15:33:55.729Z"}
{"level":"error","message":"Error: Invalid credentials\n    at /Users/chinkhuslenerdenebileg/code/knife-page/server/routes/admin.js:38:21","timestamp":"2025-03-22T15:34:31.217Z"}
{"level":"error","message":"Error: Invalid credentials\n    at /Users/chinkhuslenerdenebileg/code/knife-page/server/routes/admin.js:38:21","timestamp":"2025-03-22T15:34:31.631Z"}
{"level":"error","message":"Error: Invalid credentials\n    at /Users/chinkhuslenerdenebileg/code/knife-page/server/routes/admin.js:38:21","timestamp":"2025-03-22T15:34:31.898Z"}
{"level":"error","message":"Error: Invalid credentials\n    at /Users/chinkhuslenerdenebileg/code/knife-page/server/routes/admin.js:38:21","timestamp":"2025-03-22T15:35:21.920Z"}
{"level":"error","message":"Error: Invalid credentials\n    at /Users/chinkhuslenerdenebileg/code/knife-page/server/routes/admin.js:44:21","timestamp":"2025-03-22T15:43:04.791Z"}
{"level":"error","message":"Error: Invalid credentials\n    at /Users/chinkhuslenerdenebileg/code/knife-page/server/routes/admin.js:44:21","timestamp":"2025-03-22T15:45:37.102Z"}
{"level":"error","message":"Error: Invalid credentials\n    at /Users/chinkhuslenerdenebileg/code/knife-page/server/routes/admin.js:44:21","timestamp":"2025-03-22T15:46:07.033Z"}
{"level":"error","message":"Error: Invalid credentials\n    at /Users/chinkhuslenerdenebileg/code/knife-page/server/routes/admin.js:44:21","timestamp":"2025-03-22T15:46:41.695Z"}
{"level":"error","message":"Error: Invalid credentials\n    at /Users/chinkhuslenerdenebileg/code/knife-page/server/routes/admin.js:44:21","timestamp":"2025-03-22T15:49:49.548Z"}
{"level":"error","message":"Error: Invalid credentials\n    at /Users/chinkhuslenerdenebileg/code/knife-page/server/routes/admin.js:44:21","timestamp":"2025-03-22T15:52:04.160Z"}
{"level":"error","message":"Error: Invalid credentials\n    at /Users/chinkhuslenerdenebileg/code/knife-page/server/routes/admin.js:44:21","timestamp":"2025-03-22T15:56:23.732Z"}
{"level":"error","message":"Error: Invalid credentials\n    at /Users/chinkhuslenerdenebileg/code/knife-page/server/routes/admin.js:44:21","timestamp":"2025-03-22T15:56:42.267Z"}
{"level":"error","message":"Error: Invalid credentials\n    at /Users/chinkhuslenerdenebileg/code/knife-page/server/routes/admin.js:44:21","timestamp":"2025-03-22T16:05:08.999Z"}
{"level":"error","message":"Error: Invalid credentials\n    at /Users/chinkhuslenerdenebileg/code/knife-page/server/routes/admin.js:44:21","timestamp":"2025-03-22T16:09:50.601Z"}
{"level":"error","message":"Error: Invalid credentials\n    at /Users/chinkhuslenerdenebileg/code/knife-page/server/routes/admin.js:44:21","timestamp":"2025-03-22T16:09:51.869Z"}
{"level":"error","message":"Error: Invalid credentials\n    at /Users/chinkhuslenerdenebileg/code/knife-page/server/routes/admin.js:44:21","timestamp":"2025-03-22T16:14:51.188Z"}
{"level":"error","message":"Error: Invalid credentials\n    at /Users/chinkhuslenerdenebileg/code/knife-page/server/routes/admin.js:44:21","timestamp":"2025-03-22T16:15:02.330Z"}
{"level":"error","message":"Error: Invalid credentials\n    at /Users/chinkhuslenerdenebileg/code/knife-page/server/routes/admin.js:44:21","timestamp":"2025-03-22T16:22:05.198Z"}
{"level":"error","message":"Error: Invalid credentials\n    at /Users/chinkhuslenerdenebileg/code/knife-page/server/routes/admin.js:44:21","timestamp":"2025-03-22T16:27:39.232Z"}
{"level":"error","message":"Error: Invalid credentials\n    at /Users/chinkhuslenerdenebileg/code/knife-page/server/routes/admin.js:44:21","timestamp":"2025-03-22T16:27:40.066Z"}
{"level":"error","message":"Error: Invalid credentials\n    at /Users/chinkhuslenerdenebileg/code/knife-page/server/routes/admin.js:44:21","timestamp":"2025-03-22T16:27:40.678Z"}
{"level":"error","message":"TypeError [ERR_INVALID_ARG_TYPE]: The first argument must be of type string or an instance of Buffer, ArrayBuffer, or Array or an Array-like Object. Received undefined\n    at Function.from (node:buffer:322:9)\n    at /Users/chinkhuslenerdenebileg/code/knife-page/server/routes/admin.js:42:32","timestamp":"2025-03-22T16:34:11.701Z"}
{"level":"error","message":"TypeError [ERR_INVALID_ARG_TYPE]: The first argument must be of type string or an instance of Buffer, ArrayBuffer, or Array or an Array-like Object. Received undefined\n    at Function.from (node:buffer:322:9)\n    at /Users/chinkhuslenerdenebileg/code/knife-page/server/routes/admin.js:48:32","timestamp":"2025-03-22T16:36:41.437Z"}
{"level":"error","message":"TypeError [ERR_INVALID_ARG_TYPE]: The first argument must be of type string or an instance of Buffer, ArrayBuffer, or Array or an Array-like Object. Received undefined\n    at Function.from (node:buffer:322:9)\n    at /Users/chinkhuslenerdenebileg/code/knife-page/server/routes/admin.js:57:32","timestamp":"2025-03-22T16:40:59.534Z"}
{"level":"error","message":"TypeError [ERR_INVALID_ARG_TYPE]: The first argument must be of type string or an instance of Buffer, ArrayBuffer, or Array or an Array-like Object. Received undefined\n    at Function.from (node:buffer:322:9)\n    at /Users/chinkhuslenerdenebileg/code/knife-page/server/routes/admin.js:57:32","timestamp":"2025-03-22T16:43:49.411Z"}
{"level":"error","message":"TypeError [ERR_INVALID_ARG_TYPE]: The first argument must be of type string or an instance of Buffer, ArrayBuffer, or Array or an Array-like Object. Received undefined\n    at Function.from (node:buffer:322:9)\n    at /Users/chinkhuslenerdenebileg/code/knife-page/server/routes/admin.js:57:32","timestamp":"2025-03-22T16:43:50.713Z"}
{"level":"error","message":"TypeError [ERR_INVALID_ARG_TYPE]: The first argument must be of type string or an instance of Buffer, ArrayBuffer, or Array or an Array-like Object. Received undefined\n    at Function.from (node:buffer:322:9)\n    at /Users/chinkhuslenerdenebileg/code/knife-page/server/routes/admin.js:57:32","timestamp":"2025-03-22T16:49:55.355Z"}
{"level":"error","message":"TypeError: ErrorHandler is not a constructor\n    at /Users/chinkhuslenerdenebileg/code/knife-page/server/routes/admin.js:64:21","timestamp":"2025-03-22T16:51:42.906Z"}
{"level":"error","message":"Error: Invalid credentials\n    at /Users/chinkhuslenerdenebileg/code/knife-page/server/routes/admin.js:64:21","timestamp":"2025-03-22T16:55:02.634Z"}
{"level":"error","message":"Error: Invalid credentials\n    at /Users/chinkhuslenerdenebileg/code/knife-page/server/routes/admin.js:64:21","timestamp":"2025-03-22T16:55:03.557Z"}
{"level":"error","message":"Error: Invalid credentials\n    at /Users/chinkhuslenerdenebileg/code/knife-page/server/routes/admin.js:64:21","timestamp":"2025-03-22T16:55:10.233Z"}
{"level":"error","message":"Error: Invalid credentials\n    at /Users/chinkhuslenerdenebileg/code/knife-page/server/routes/admin.js:64:21","timestamp":"2025-03-22T16:55:30.635Z"}
{"level":"error","message":"TypeError: ErrorHandler is not a constructor\n    at /Users/chinkhuslenerdenebileg/code/knife-page/server/routes/admin.js:67:21","timestamp":"2025-03-22T16:57:23.856Z"}
{"level":"error","message":"TypeError: ErrorHandler is not a constructor\n    at /Users/chinkhuslenerdenebileg/code/knife-page/server/routes/admin.js:67:21","timestamp":"2025-03-22T16:57:35.359Z"}
{"level":"error","message":"Error: Invalid credentials\n    at /Users/chinkhuslenerdenebileg/code/knife-page/server/routes/admin.js:67:21","timestamp":"2025-03-22T16:59:05.854Z"}
{"level":"error","message":"Error: Invalid credentials\n    at /Users/chinkhuslenerdenebileg/code/knife-page/server/routes/admin.js:67:21","timestamp":"2025-03-22T17:02:02.071Z"}
{"level":"error","message":"Error: Invalid credentials\n    at /Users/chinkhuslenerdenebileg/code/knife-page/server/routes/admin.js:67:21","timestamp":"2025-03-22T17:05:20.857Z"}
{"level":"error","message":"Error: Invalid credentials\n    at /Users/chinkhuslenerdenebileg/code/knife-page/server/routes/admin.js:67:21","timestamp":"2025-03-22T17:08:13.866Z"}
{"level":"error","message":"Error: Invalid credentials\n    at /Users/chinkhuslenerdenebileg/code/knife-page/server/routes/admin.js:67:21","timestamp":"2025-03-22T17:11:24.697Z"}
{"level":"error","message":"Error: Invalid credentials\n    at /Users/chinkhuslenerdenebileg/code/knife-page/server/routes/admin.js:67:21","timestamp":"2025-03-22T17:20:40.169Z"}
{"level":"error","message":"TypeError: ErrorHandler is not a constructor\n    at /Users/chinkhuslenerdenebileg/code/knife-page/server/routes/admin.js:67:21","timestamp":"2025-03-22T17:30:35.426Z"}
{"level":"error","message":"Error: Invalid credentials\n    at /Users/chinkhuslenerdenebileg/code/knife-page/server/routes/admin.js:67:21","timestamp":"2025-03-22T17:33:05.631Z"}
{"level":"error","message":"Error: Invalid credentials\n    at /Users/chinkhuslenerdenebileg/code/knife-page/server/routes/admin.js:67:21","timestamp":"2025-03-22T17:39:02.124Z"}
{"level":"error","message":"Error: Invalid credentials\n    at /Users/chinkhuslenerdenebileg/code/knife-page/server/routes/admin.js:53:21","timestamp":"2025-03-22T17:58:57.166Z"}
{"level":"error","message":"Error: Invalid credentials\n    at /Users/chinkhuslenerdenebileg/code/knife-page/server/routes/admin.js:53:21","timestamp":"2025-03-22T18:09:39.248Z"}
{"level":"error","message":"Error: Invalid credentials\n    at /Users/chinkhuslenerdenebileg/code/knife-page/server/routes/admin.js:65:21","timestamp":"2025-03-23T14:47:42.911Z"}
{"level":"error","message":"Error: Invalid credentials\n    at /Users/chinkhuslenerdenebileg/code/knife-page/server/routes/admin.js:65:21","timestamp":"2025-03-23T14:47:53.550Z"}
{"level":"error","message":"Error: Invalid credentials\n    at /Users/chinkhuslenerdenebileg/code/knife-page/server/routes/admin.js:65:21","timestamp":"2025-03-24T11:21:04.536Z"}
{"level":"error","message":"Error: Invalid credentials\n    at /Users/chinkhuslenerdenebileg/code/knife-page/server/routes/admin.js:65:21","timestamp":"2025-03-24T11:30:45.056Z"}
{"level":"error","message":"Error: Invalid credentials\n    at /Users/chinkhuslenerdenebileg/code/knife-page/server/routes/admin.js:65:21","timestamp":"2025-03-24T11:30:49.802Z"}
{"level":"error","message":"Error: Invalid credentials\n    at /Users/chinkhuslenerdenebileg/code/knife-page/server/routes/admin.js:65:21","timestamp":"2025-03-24T11:31:04.925Z"}
{"level":"error","message":"Error: Invalid credentials\n    at /Users/chinkhuslenerdenebileg/code/knife-page/server/routes/admin.js:65:21","timestamp":"2025-03-24T11:31:51.750Z"}
{"level":"error","message":"Error: Invalid credentials\n    at /Users/chinkhuslenerdenebileg/code/knife-page/server/routes/admin.js:65:21","timestamp":"2025-03-24T11:32:09.974Z"}
{"level":"error","message":"Error: Invalid credentials\n    at /Users/chinkhuslenerdenebileg/code/knife-page/server/routes/admin.js:65:21","timestamp":"2025-03-24T11:32:48.293Z"}
